<?xml version="1.0" encoding="UTF-8"?>
<testng-results skipped="0" failed="0" total="1" passed="1">
  <reporter-output>
  </reporter-output>
  <suite name="PortalScan" duration-ms="4471" started-at="2019-06-27T11:24:10Z" finished-at="2019-06-27T11:24:14Z">
    <groups>
    </groups>
    <test name="Portal login" duration-ms="4471" started-at="2019-06-27T11:24:10Z" finished-at="2019-06-27T11:24:14Z">
      <class name="test.docker.test.Provisioning">
        <test-method status="PASS" signature="geckoConf()[pri:0, instance:test.docker.test.Provisioning@7334aada]" name="geckoConf" is-config="true" duration-ms="5" started-at="2019-06-27T16:54:10Z" finished-at="2019-06-27T16:54:10Z">
          <reporter-output>
          </reporter-output>
        </test-method> <!-- geckoConf -->
        <test-method status="PASS" signature="login()[pri:0, instance:test.docker.test.Provisioning@7334aada]" name="login" duration-ms="4466" started-at="2019-06-27T16:54:10Z" finished-at="2019-06-27T16:54:14Z">
          <reporter-output>
          </reporter-output>
        </test-method> <!-- login -->
      </class> <!-- test.docker.test.Provisioning -->
    </test> <!-- Portal login -->
  </suite> <!-- PortalScan -->
</testng-results>
